0 info it worked if it ends with ok
1 verbose cli [ '/usr/bin/node', '/usr/bin/npm', 'run', 'sass' ]
2 info using npm@3.5.2
3 info using node@v8.10.0
4 verbose run-script [ 'presass', 'sass', 'postsass' ]
5 info lifecycle anurag_portfolio@1.0.0~presass: anurag_portfolio@1.0.0
6 silly lifecycle anurag_portfolio@1.0.0~presass: no script for presass, continuing
7 info lifecycle anurag_portfolio@1.0.0~sass: anurag_portfolio@1.0.0
8 verbose lifecycle anurag_portfolio@1.0.0~sass: unsafe-perm in lifecycle true
9 verbose lifecycle anurag_portfolio@1.0.0~sass: PATH: /usr/share/npm/bin/node-gyp-bin:/mnt/e/traversy media portfolio copy/node_modules/.bin:/usr/local/sbin:/usr/local/bin:/usr/sbin:/usr/bin:/sbin:/bin:/usr/games:/usr/local/games:/mnt/c/Program Files (x86)/Common Files/Oracle/Java/javapath:/mnt/c/WINDOWS/system32:/mnt/c/WINDOWS:/mnt/c/WINDOWS/System32/Wbem:/mnt/c/WINDOWS/System32/WindowsPowerShell/v1.0/:/mnt/c/WINDOWS/System32/OpenSSH/:/mnt/c/Users/yash/AppData/Local/Programs/Python/Python37-32:/mnt/c/Program Files/Git/cmd:/mnt/c/Program Files (x86)/MySQL/MySQL Server 5.1/bin:/mnt/c/Users/yash/AppData/Local/Programs/Python/Python37/Scripts/:/mnt/c/Users/yash/AppData/Local/Programs/Python/Python37/:/mnt/c/Users/yash/AppData/Local/Microsoft/WindowsApps:/mnt/c/Users/yash/AppData/Local/Programs/Python/Python37-32:/mnt/c/Program Files/JetBrains/PyCharm Community Edition 2019.1.3/bin:/mnt/c/ProgramData/yash/GitHubDesktop/bin:/mnt/c/Users/yash/AppData/Local/Programs/Microsoft VS Code/bin:/snap/bin
10 verbose lifecycle anurag_portfolio@1.0.0~sass: CWD: /mnt/e/traversy media portfolio copy
11 silly lifecycle anurag_portfolio@1.0.0~sass: Args: [ '-c', 'node-sass -w scss/ -o dist/css/ --recursive' ]
12 silly lifecycle anurag_portfolio@1.0.0~sass: Returned: code: 1  signal: null
13 info lifecycle anurag_portfolio@1.0.0~sass: Failed to exec sass script
14 verbose stack Error: anurag_portfolio@1.0.0 sass: `node-sass -w scss/ -o dist/css/ --recursive`
14 verbose stack Exit status 1
14 verbose stack     at EventEmitter.<anonymous> (/usr/share/npm/lib/utils/lifecycle.js:232:16)
14 verbose stack     at emitTwo (events.js:126:13)
14 verbose stack     at EventEmitter.emit (events.js:214:7)
14 verbose stack     at ChildProcess.<anonymous> (/usr/share/npm/lib/utils/spawn.js:24:14)
14 verbose stack     at emitTwo (events.js:126:13)
14 verbose stack     at ChildProcess.emit (events.js:214:7)
14 verbose stack     at maybeClose (internal/child_process.js:925:16)
14 verbose stack     at Process.ChildProcess._handle.onexit (internal/child_process.js:209:5)
15 verbose pkgid anurag_portfolio@1.0.0
16 verbose cwd /mnt/e/traversy media portfolio copy
17 error Linux 4.4.0-18362-Microsoft
18 error argv "/usr/bin/node" "/usr/bin/npm" "run" "sass"
19 error node v8.10.0
20 error npm  v3.5.2
21 error code ELIFECYCLE
22 error anurag_portfolio@1.0.0 sass: `node-sass -w scss/ -o dist/css/ --recursive`
22 error Exit status 1
23 error Failed at the anurag_portfolio@1.0.0 sass script 'node-sass -w scss/ -o dist/css/ --recursive'.
23 error Make sure you have the latest version of node.js and npm installed.
23 error If you do, this is most likely a problem with the anurag_portfolio package,
23 error not with npm itself.
23 error Tell the author that this fails on your system:
23 error     node-sass -w scss/ -o dist/css/ --recursive
23 error You can get information on how to open an issue for this project with:
23 error     npm bugs anurag_portfolio
23 error Or if that isn't available, you can get their info via:
23 error     npm owner ls anurag_portfolio
23 error There is likely additional logging output above.
24 verbose exit [ 1, true ]
